<?xml version="1.0" encoding="UTF-8"?>
<!-- Generated by org.testng.reporters.JUnitReportReporter -->
<testsuite hostname="Giteshp-lap007" failures="0" tests="1" name="Gold_Template.GT_Verification" time="0.012" errors="0" timestamp="2022-12-08T12:24:16 IST" skipped="0">
  <testcase classname="Gold_Template.GT_Verification" name="verify" time="0.012"/>
  <system-out/>
</testsuite> <!-- Gold_Template.GT_Verification -->
